<?xml version="1.0" encoding="UTF-8"?>
<testng-results skipped="0" failed="0" ignored="0" total="1" passed="1">
  <reporter-output>
  </reporter-output>
  <suite name="test-suite" duration-ms="272534" started-at="2018-02-23T13:50:27Z" finished-at="2018-02-23T13:54:59Z">
    <groups>
    </groups>
    <test name="globalization-test-automation" duration-ms="272534" started-at="2018-02-23T13:50:27Z" finished-at="2018-02-23T13:54:59Z">
      <class name="com.dmi.globalization.execution.Driver">
        <test-method status="PASS" signature="main()[pri:0, instance:com.dmi.globalization.execution.Driver@783e6358]" name="main" duration-ms="272507" started-at="2018-02-23T13:50:27Z" finished-at="2018-02-23T13:54:59Z">
          <reporter-output>
          </reporter-output>
        </test-method> <!-- main -->
      </class> <!-- com.dmi.globalization.execution.Driver -->
    </test> <!-- globalization-test-automation -->
  </suite> <!-- test-suite -->
</testng-results>
